<?xml version="1.0" encoding="UTF-8"?>
<!-- Generated by org.testng.reporters.JUnitReportReporter -->
<testsuite hostname="DESKTOP-QEI5JSS" failures="0" tests="1" name="org.tests.automation.TestRestAssured" time="6.069" errors="0" timestamp="2023-04-02T15:48:16 IST" skipped="0">
  <testcase classname="org.tests.automation.TestRestAssured" name="restAssuredBDDPost" time="6.069"/>
  <system-out/>
</testsuite> <!-- org.tests.automation.TestRestAssured -->
