<?xml version="1.0" encoding="UTF-8"?>
<!-- Generated by org.testng.reporters.JUnitReportReporter -->
<testsuite hostname="DESKTOP-QEI5JSS" failures="0" tests="4" name="org.tests.automation.TestRestAssured" time="2.510" errors="0" timestamp="2023-04-06T12:17:09 IST" skipped="0">
  <testcase classname="org.tests.automation.TestRestAssured" name="restAssuredBDDPost" time="0.858"/>
  <system-out/>
  <testcase classname="org.tests.automation.TestRestAssured" name="restAssuredBDDGet1" time="0.826"/>
  <system-out/>
  <testcase classname="org.tests.automation.TestRestAssured" name="restAssuredBDDGet" time="0.560"/>
  <system-out/>
  <testcase classname="org.tests.automation.TestRestAssured" name="restAssured" time="0.266"/>
  <system-out/>
</testsuite> <!-- org.tests.automation.TestRestAssured -->
