<?xml version="1.0" encoding="UTF-8"?>
<!-- Generated by org.testng.reporters.JUnitReportReporter -->
<testsuite hostname="DESKTOP-QEI5JSS" failures="0" tests="4" name="org.tests.automation.RestAssured1" time="9.458" errors="0" timestamp="2023-04-06T12:17:09 IST" skipped="0">
  <testcase classname="org.tests.automation.RestAssured1" name="restAssuredBDDPost" time="0.933"/>
  <system-out/>
  <testcase classname="org.tests.automation.RestAssured1" name="restAssuredBDDGet" time="2.807"/>
  <system-out/>
  <testcase classname="org.tests.automation.RestAssured1" name="restAssured" time="5.318"/>
  <system-out/>
  <testcase classname="org.tests.automation.RestAssured1" name="restAssuredBDDGet1" time="0.400"/>
  <system-out/>
</testsuite> <!-- org.tests.automation.RestAssured1 -->
